Determining if the pthread_create exist failed with the following output:
Change Dir: /home/nvidia/Documents/koropvik/Code/JetsonCode/build/CMakeFiles/CMakeTmp

Run Build Command:"/usr/bin/make" "cmTC_fe502/fast"
/usr/bin/make -f CMakeFiles/cmTC_fe502.dir/build.make CMakeFiles/cmTC_fe502.dir/build
make[1]: Entering directory '/home/nvidia/Documents/koropvik/Code/JetsonCode/build/CMakeFiles/CMakeTmp'
Building C object CMakeFiles/cmTC_fe502.dir/CheckSymbolExists.c.o
/usr/bin/cc   -fPIC    -o CMakeFiles/cmTC_fe502.dir/CheckSymbolExists.c.o   -c /home/nvidia/Documents/koropvik/Code/JetsonCode/build/CMakeFiles/CMakeTmp/CheckSymbolExists.c
Linking C executable cmTC_fe502
/usr/local/bin/cmake -E cmake_link_script CMakeFiles/cmTC_fe502.dir/link.txt --verbose=1
/usr/bin/cc -fPIC     CMakeFiles/cmTC_fe502.dir/CheckSymbolExists.c.o  -o cmTC_fe502 
CMakeFiles/cmTC_fe502.dir/CheckSymbolExists.c.o: In function `main':
CheckSymbolExists.c:(.text+0x14): undefined reference to `pthread_create'
CheckSymbolExists.c:(.text+0x18): undefined reference to `pthread_create'
collect2: error: ld returned 1 exit status
CMakeFiles/cmTC_fe502.dir/build.make:97: recipe for target 'cmTC_fe502' failed
make[1]: *** [cmTC_fe502] Error 1
make[1]: Leaving directory '/home/nvidia/Documents/koropvik/Code/JetsonCode/build/CMakeFiles/CMakeTmp'
Makefile:126: recipe for target 'cmTC_fe502/fast' failed
make: *** [cmTC_fe502/fast] Error 2

File /home/nvidia/Documents/koropvik/Code/JetsonCode/build/CMakeFiles/CMakeTmp/CheckSymbolExists.c:
/* */
#include <pthread.h>

int main(int argc, char** argv)
{
  (void)argv;
#ifndef pthread_create
  return ((int*)(&pthread_create))[argc];
#else
  (void)argc;
  return 0;
#endif
}

Determining if the function pthread_create exists in the pthreads failed with the following output:
Change Dir: /home/nvidia/Documents/koropvik/Code/JetsonCode/build/CMakeFiles/CMakeTmp

Run Build Command:"/usr/bin/make" "cmTC_8dd4d/fast"
/usr/bin/make -f CMakeFiles/cmTC_8dd4d.dir/build.make CMakeFiles/cmTC_8dd4d.dir/build
make[1]: Entering directory '/home/nvidia/Documents/koropvik/Code/JetsonCode/build/CMakeFiles/CMakeTmp'
Building C object CMakeFiles/cmTC_8dd4d.dir/CheckFunctionExists.c.o
/usr/bin/cc   -fPIC -DCHECK_FUNCTION_EXISTS=pthread_create   -o CMakeFiles/cmTC_8dd4d.dir/CheckFunctionExists.c.o   -c /usr/local/share/cmake-3.8/Modules/CheckFunctionExists.c
Linking C executable cmTC_8dd4d
/usr/local/bin/cmake -E cmake_link_script CMakeFiles/cmTC_8dd4d.dir/link.txt --verbose=1
/usr/bin/cc -fPIC -DCHECK_FUNCTION_EXISTS=pthread_create    CMakeFiles/cmTC_8dd4d.dir/CheckFunctionExists.c.o  -o cmTC_8dd4d -lpthreads 
/usr/bin/ld: cannot find -lpthreads
collect2: error: ld returned 1 exit status
CMakeFiles/cmTC_8dd4d.dir/build.make:97: recipe for target 'cmTC_8dd4d' failed
make[1]: *** [cmTC_8dd4d] Error 1
make[1]: Leaving directory '/home/nvidia/Documents/koropvik/Code/JetsonCode/build/CMakeFiles/CMakeTmp'
Makefile:126: recipe for target 'cmTC_8dd4d/fast' failed
make: *** [cmTC_8dd4d/fast] Error 2


Determining if the CUDA compiler works failed with the following output:
Change Dir: /home/nvidia/Documents/koropvik/Code/JetsonCode/build/CMakeFiles/CMakeTmp

Run Build Command:"/usr/bin/make" "cmTC_6bb17/fast"
make[1]: Entering directory '/home/nvidia/Documents/koropvik/Code/JetsonCode/build/CMakeFiles/CMakeTmp'
/usr/bin/make -f CMakeFiles/cmTC_6bb17.dir/build.make CMakeFiles/cmTC_6bb17.dir/build
make[2]: Entering directory '/home/nvidia/Documents/koropvik/Code/JetsonCode/build/CMakeFiles/CMakeTmp'
Building CUDA object CMakeFiles/cmTC_6bb17.dir/main.cu.o
/usr/local/cuda-9.0/bin/nvcc     -x cu -c /home/nvidia/Documents/koropvik/Code/JetsonCode/build/CMakeFiles/CMakeTmp/main.cu -o CMakeFiles/cmTC_6bb17.dir/main.cu.o
Linking CUDA device code /home/nvidia/Documents/koropvik/Code/JetsonCode/build/CMakeFiles/CMakeTmp/CMakeFiles/cmTC_6bb17.dir/cmake_device_link.o
/usr/local/bin/cmake -E cmake_link_script CMakeFiles/cmTC_6bb17.dir/dlink.txt --verbose=1
/usr/local/cuda-9.0/bin/nvcc     -shared -dlink CMakeFiles/cmTC_6bb17.dir/main.cu.o -o CMakeFiles/cmTC_6bb17.dir/cmake_device_link.o 
Linking CUDA executable cmTC_6bb17
/usr/local/bin/cmake -E cmake_link_script CMakeFiles/cmTC_6bb17.dir/link.txt --verbose=1
""    CMakeFiles/cmTC_6bb17.dir/main.cu.o CMakeFiles/cmTC_6bb17.dir/cmake_device_link.o -o cmTC_6bb17 
Error running link command: No such file or directory
CMakeFiles/cmTC_6bb17.dir/build.make:116: recipe for target 'cmTC_6bb17' failed
make[2]: *** [cmTC_6bb17] Error 2
make[2]: Leaving directory '/home/nvidia/Documents/koropvik/Code/JetsonCode/build/CMakeFiles/CMakeTmp'
Makefile:126: recipe for target 'cmTC_6bb17/fast' failed
make[1]: *** [cmTC_6bb17/fast] Error 2
make[1]: Leaving directory '/home/nvidia/Documents/koropvik/Code/JetsonCode/build/CMakeFiles/CMakeTmp'


Determining if the CUDA compiler works failed with the following output:
Change Dir: /home/nvidia/Documents/koropvik/Code/JetsonCode/build/CMakeFiles/CMakeTmp

Run Build Command:"/usr/bin/make" "cmTC_8144c/fast"
/usr/bin/make -f CMakeFiles/cmTC_8144c.dir/build.make CMakeFiles/cmTC_8144c.dir/build
make[1]: Entering directory '/home/nvidia/Documents/koropvik/Code/JetsonCode/build/CMakeFiles/CMakeTmp'
Building CUDA object CMakeFiles/cmTC_8144c.dir/main.cu.o
/usr/local/cuda-9.0/bin/nvcc -ccbin=/usr/bin/g++-5    -x cu -c /home/nvidia/Documents/koropvik/Code/JetsonCode/build/CMakeFiles/CMakeTmp/main.cu -o CMakeFiles/cmTC_8144c.dir/main.cu.o
Linking CUDA device code /home/nvidia/Documents/koropvik/Code/JetsonCode/build/CMakeFiles/CMakeTmp/CMakeFiles/cmTC_8144c.dir/cmake_device_link.o
/usr/local/bin/cmake -E cmake_link_script CMakeFiles/cmTC_8144c.dir/dlink.txt --verbose=1
/usr/local/cuda-9.0/bin/nvcc     -shared -dlink CMakeFiles/cmTC_8144c.dir/main.cu.o -o CMakeFiles/cmTC_8144c.dir/cmake_device_link.o 
Linking CUDA executable cmTC_8144c
/usr/local/bin/cmake -E cmake_link_script CMakeFiles/cmTC_8144c.dir/link.txt --verbose=1
""    CMakeFiles/cmTC_8144c.dir/main.cu.o CMakeFiles/cmTC_8144c.dir/cmake_device_link.o -o cmTC_8144c 
Error running link command: No such file or directory
CMakeFiles/cmTC_8144c.dir/build.make:116: recipe for target 'cmTC_8144c' failed
make[1]: *** [cmTC_8144c] Error 2
make[1]: Leaving directory '/home/nvidia/Documents/koropvik/Code/JetsonCode/build/CMakeFiles/CMakeTmp'
Makefile:126: recipe for target 'cmTC_8144c/fast' failed
make: *** [cmTC_8144c/fast] Error 2


Determining if the CUDA compiler works failed with the following output:
Change Dir: /home/nvidia/Documents/koropvik/Code/JetsonCode/build/CMakeFiles/CMakeTmp

Run Build Command:"/usr/bin/make" "cmTC_8c1f1/fast"
/usr/bin/make -f CMakeFiles/cmTC_8c1f1.dir/build.make CMakeFiles/cmTC_8c1f1.dir/build
make[1]: Entering directory '/home/nvidia/Documents/koropvik/Code/JetsonCode/build/CMakeFiles/CMakeTmp'
Building CUDA object CMakeFiles/cmTC_8c1f1.dir/main.cu.o
/usr/local/cuda-9.0/bin/nvcc -ccbin=/usr/bin/g++-5    -x cu -c /home/nvidia/Documents/koropvik/Code/JetsonCode/build/CMakeFiles/CMakeTmp/main.cu -o CMakeFiles/cmTC_8c1f1.dir/main.cu.o
Linking CUDA device code /home/nvidia/Documents/koropvik/Code/JetsonCode/build/CMakeFiles/CMakeTmp/CMakeFiles/cmTC_8c1f1.dir/cmake_device_link.o
/usr/local/bin/cmake -E cmake_link_script CMakeFiles/cmTC_8c1f1.dir/dlink.txt --verbose=1
/usr/local/cuda-9.0/bin/nvcc     -shared -dlink CMakeFiles/cmTC_8c1f1.dir/main.cu.o -o CMakeFiles/cmTC_8c1f1.dir/cmake_device_link.o 
Linking CUDA executable cmTC_8c1f1
/usr/local/bin/cmake -E cmake_link_script CMakeFiles/cmTC_8c1f1.dir/link.txt --verbose=1
""    CMakeFiles/cmTC_8c1f1.dir/main.cu.o CMakeFiles/cmTC_8c1f1.dir/cmake_device_link.o -o cmTC_8c1f1 
Error running link command: No such file or directory
CMakeFiles/cmTC_8c1f1.dir/build.make:116: recipe for target 'cmTC_8c1f1' failed
make[1]: *** [cmTC_8c1f1] Error 2
make[1]: Leaving directory '/home/nvidia/Documents/koropvik/Code/JetsonCode/build/CMakeFiles/CMakeTmp'
Makefile:126: recipe for target 'cmTC_8c1f1/fast' failed
make: *** [cmTC_8c1f1/fast] Error 2


Determining if the CUDA compiler works failed with the following output:
Change Dir: /home/nvidia/Documents/koropvik/Code/JetsonCode/build/CMakeFiles/CMakeTmp

Run Build Command:"/usr/bin/make" "cmTC_a7c4c/fast"
/usr/bin/make -f CMakeFiles/cmTC_a7c4c.dir/build.make CMakeFiles/cmTC_a7c4c.dir/build
make[1]: Entering directory '/home/nvidia/Documents/koropvik/Code/JetsonCode/build/CMakeFiles/CMakeTmp'
Building CUDA object CMakeFiles/cmTC_a7c4c.dir/main.cu.o
/usr/local/cuda-9.0/bin/nvcc -ccbin=/usr/bin/g++-5    -x cu -c /home/nvidia/Documents/koropvik/Code/JetsonCode/build/CMakeFiles/CMakeTmp/main.cu -o CMakeFiles/cmTC_a7c4c.dir/main.cu.o
Linking CUDA device code /home/nvidia/Documents/koropvik/Code/JetsonCode/build/CMakeFiles/CMakeTmp/CMakeFiles/cmTC_a7c4c.dir/cmake_device_link.o
/usr/local/bin/cmake -E cmake_link_script CMakeFiles/cmTC_a7c4c.dir/dlink.txt --verbose=1
/usr/local/cuda-9.0/bin/nvcc     -shared -dlink CMakeFiles/cmTC_a7c4c.dir/main.cu.o -o CMakeFiles/cmTC_a7c4c.dir/cmake_device_link.o 
Linking CUDA executable cmTC_a7c4c
/usr/local/bin/cmake -E cmake_link_script CMakeFiles/cmTC_a7c4c.dir/link.txt --verbose=1
""    CMakeFiles/cmTC_a7c4c.dir/main.cu.o CMakeFiles/cmTC_a7c4c.dir/cmake_device_link.o -o cmTC_a7c4c 
Error running link command: No such file or directory
CMakeFiles/cmTC_a7c4c.dir/build.make:116: recipe for target 'cmTC_a7c4c' failed
make[1]: *** [cmTC_a7c4c] Error 2
make[1]: Leaving directory '/home/nvidia/Documents/koropvik/Code/JetsonCode/build/CMakeFiles/CMakeTmp'
Makefile:126: recipe for target 'cmTC_a7c4c/fast' failed
make: *** [cmTC_a7c4c/fast] Error 2


Determining if the CUDA compiler works failed with the following output:
Change Dir: /home/nvidia/Documents/koropvik/Code/JetsonCode/build/CMakeFiles/CMakeTmp

Run Build Command:"/usr/bin/make" "cmTC_e9721/fast"
/usr/bin/make -f CMakeFiles/cmTC_e9721.dir/build.make CMakeFiles/cmTC_e9721.dir/build
make[1]: Entering directory '/home/nvidia/Documents/koropvik/Code/JetsonCode/build/CMakeFiles/CMakeTmp'
Building CUDA object CMakeFiles/cmTC_e9721.dir/main.cu.o
/usr/local/cuda-9.0/bin/nvcc -ccbin=/usr/bin/g++-5    -x cu -c /home/nvidia/Documents/koropvik/Code/JetsonCode/build/CMakeFiles/CMakeTmp/main.cu -o CMakeFiles/cmTC_e9721.dir/main.cu.o
Linking CUDA device code /home/nvidia/Documents/koropvik/Code/JetsonCode/build/CMakeFiles/CMakeTmp/CMakeFiles/cmTC_e9721.dir/cmake_device_link.o
/usr/local/bin/cmake -E cmake_link_script CMakeFiles/cmTC_e9721.dir/dlink.txt --verbose=1
/usr/local/cuda-9.0/bin/nvcc     -shared -dlink CMakeFiles/cmTC_e9721.dir/main.cu.o -o CMakeFiles/cmTC_e9721.dir/cmake_device_link.o 
Linking CUDA executable cmTC_e9721
/usr/local/bin/cmake -E cmake_link_script CMakeFiles/cmTC_e9721.dir/link.txt --verbose=1
""    CMakeFiles/cmTC_e9721.dir/main.cu.o CMakeFiles/cmTC_e9721.dir/cmake_device_link.o -o cmTC_e9721 
Error running link command: No such file or directory
CMakeFiles/cmTC_e9721.dir/build.make:116: recipe for target 'cmTC_e9721' failed
make[1]: *** [cmTC_e9721] Error 2
make[1]: Leaving directory '/home/nvidia/Documents/koropvik/Code/JetsonCode/build/CMakeFiles/CMakeTmp'
Makefile:126: recipe for target 'cmTC_e9721/fast' failed
make: *** [cmTC_e9721/fast] Error 2


Determining if the CUDA compiler works failed with the following output:
Change Dir: /home/nvidia/Documents/koropvik/Code/JetsonCode/build/CMakeFiles/CMakeTmp

Run Build Command:"/usr/bin/make" "cmTC_da1de/fast"
/usr/bin/make -f CMakeFiles/cmTC_da1de.dir/build.make CMakeFiles/cmTC_da1de.dir/build
make[1]: Entering directory '/home/nvidia/Documents/koropvik/Code/JetsonCode/build/CMakeFiles/CMakeTmp'
Building CUDA object CMakeFiles/cmTC_da1de.dir/main.cu.o
/usr/local/cuda-9.0/bin/nvcc -ccbin=/usr/bin/g++-5    -x cu -c /home/nvidia/Documents/koropvik/Code/JetsonCode/build/CMakeFiles/CMakeTmp/main.cu -o CMakeFiles/cmTC_da1de.dir/main.cu.o
Linking CUDA device code /home/nvidia/Documents/koropvik/Code/JetsonCode/build/CMakeFiles/CMakeTmp/CMakeFiles/cmTC_da1de.dir/cmake_device_link.o
/usr/local/bin/cmake -E cmake_link_script CMakeFiles/cmTC_da1de.dir/dlink.txt --verbose=1
/usr/local/cuda-9.0/bin/nvcc     -shared -dlink CMakeFiles/cmTC_da1de.dir/main.cu.o -o CMakeFiles/cmTC_da1de.dir/cmake_device_link.o 
Linking CUDA executable cmTC_da1de
/usr/local/bin/cmake -E cmake_link_script CMakeFiles/cmTC_da1de.dir/link.txt --verbose=1
""    CMakeFiles/cmTC_da1de.dir/main.cu.o CMakeFiles/cmTC_da1de.dir/cmake_device_link.o -o cmTC_da1de 
Error running link command: No such file or directory
CMakeFiles/cmTC_da1de.dir/build.make:116: recipe for target 'cmTC_da1de' failed
make[1]: *** [cmTC_da1de] Error 2
make[1]: Leaving directory '/home/nvidia/Documents/koropvik/Code/JetsonCode/build/CMakeFiles/CMakeTmp'
Makefile:126: recipe for target 'cmTC_da1de/fast' failed
make: *** [cmTC_da1de/fast] Error 2


Determining if the CUDA compiler works failed with the following output:
Change Dir: /home/nvidia/Documents/koropvik/Code/JetsonCode/build/CMakeFiles/CMakeTmp

Run Build Command:"/usr/bin/make" "cmTC_f7ec5/fast"
/usr/bin/make -f CMakeFiles/cmTC_f7ec5.dir/build.make CMakeFiles/cmTC_f7ec5.dir/build
make[1]: Entering directory '/home/nvidia/Documents/koropvik/Code/JetsonCode/build/CMakeFiles/CMakeTmp'
Building CUDA object CMakeFiles/cmTC_f7ec5.dir/main.cu.o
/usr/local/cuda-9.0/bin/nvcc     -x cu -c /home/nvidia/Documents/koropvik/Code/JetsonCode/build/CMakeFiles/CMakeTmp/main.cu -o CMakeFiles/cmTC_f7ec5.dir/main.cu.o
Linking CUDA device code /home/nvidia/Documents/koropvik/Code/JetsonCode/build/CMakeFiles/CMakeTmp/CMakeFiles/cmTC_f7ec5.dir/cmake_device_link.o
/usr/local/bin/cmake -E cmake_link_script CMakeFiles/cmTC_f7ec5.dir/dlink.txt --verbose=1
/usr/local/cuda-9.0/bin/nvcc     -shared -dlink CMakeFiles/cmTC_f7ec5.dir/main.cu.o -o CMakeFiles/cmTC_f7ec5.dir/cmake_device_link.o 
Linking CUDA executable cmTC_f7ec5
/usr/local/bin/cmake -E cmake_link_script CMakeFiles/cmTC_f7ec5.dir/link.txt --verbose=1
""    CMakeFiles/cmTC_f7ec5.dir/main.cu.o CMakeFiles/cmTC_f7ec5.dir/cmake_device_link.o -o cmTC_f7ec5 
Error running link command: No such file or directory
CMakeFiles/cmTC_f7ec5.dir/build.make:116: recipe for target 'cmTC_f7ec5' failed
make[1]: *** [cmTC_f7ec5] Error 2
make[1]: Leaving directory '/home/nvidia/Documents/koropvik/Code/JetsonCode/build/CMakeFiles/CMakeTmp'
Makefile:126: recipe for target 'cmTC_f7ec5/fast' failed
make: *** [cmTC_f7ec5/fast] Error 2


