Determining if the pthread_create exist failed with the following output:
Change Dir: /home/nvidia/Documents/koropvik/Code/JetsonCode/CMakeFiles/CMakeTmp

Run Build Command:"/usr/bin/make" "cmTC_92960/fast"
make[1]: Entering directory '/home/nvidia/Documents/koropvik/Code/JetsonCode/CMakeFiles/CMakeTmp'
/usr/bin/make -f CMakeFiles/cmTC_92960.dir/build.make CMakeFiles/cmTC_92960.dir/build
make[2]: Entering directory '/home/nvidia/Documents/koropvik/Code/JetsonCode/CMakeFiles/CMakeTmp'
Building C object CMakeFiles/cmTC_92960.dir/CheckSymbolExists.c.o
/usr/bin/cc   -fPIC    -o CMakeFiles/cmTC_92960.dir/CheckSymbolExists.c.o   -c /home/nvidia/Documents/koropvik/Code/JetsonCode/CMakeFiles/CMakeTmp/CheckSymbolExists.c
Linking C executable cmTC_92960
/usr/local/bin/cmake -E cmake_link_script CMakeFiles/cmTC_92960.dir/link.txt --verbose=1
/usr/bin/cc -fPIC     CMakeFiles/cmTC_92960.dir/CheckSymbolExists.c.o  -o cmTC_92960 
CMakeFiles/cmTC_92960.dir/CheckSymbolExists.c.o: In function `main':
CheckSymbolExists.c:(.text+0x14): undefined reference to `pthread_create'
CheckSymbolExists.c:(.text+0x18): undefined reference to `pthread_create'
collect2: error: ld returned 1 exit status
CMakeFiles/cmTC_92960.dir/build.make:97: recipe for target 'cmTC_92960' failed
make[2]: *** [cmTC_92960] Error 1
make[2]: Leaving directory '/home/nvidia/Documents/koropvik/Code/JetsonCode/CMakeFiles/CMakeTmp'
Makefile:126: recipe for target 'cmTC_92960/fast' failed
make[1]: *** [cmTC_92960/fast] Error 2
make[1]: Leaving directory '/home/nvidia/Documents/koropvik/Code/JetsonCode/CMakeFiles/CMakeTmp'

File /home/nvidia/Documents/koropvik/Code/JetsonCode/CMakeFiles/CMakeTmp/CheckSymbolExists.c:
/* */
#include <pthread.h>

int main(int argc, char** argv)
{
  (void)argv;
#ifndef pthread_create
  return ((int*)(&pthread_create))[argc];
#else
  (void)argc;
  return 0;
#endif
}

Determining if the function pthread_create exists in the pthreads failed with the following output:
Change Dir: /home/nvidia/Documents/koropvik/Code/JetsonCode/CMakeFiles/CMakeTmp

Run Build Command:"/usr/bin/make" "cmTC_e7719/fast"
make[1]: Entering directory '/home/nvidia/Documents/koropvik/Code/JetsonCode/CMakeFiles/CMakeTmp'
/usr/bin/make -f CMakeFiles/cmTC_e7719.dir/build.make CMakeFiles/cmTC_e7719.dir/build
make[2]: Entering directory '/home/nvidia/Documents/koropvik/Code/JetsonCode/CMakeFiles/CMakeTmp'
Building C object CMakeFiles/cmTC_e7719.dir/CheckFunctionExists.c.o
/usr/bin/cc   -fPIC -DCHECK_FUNCTION_EXISTS=pthread_create   -o CMakeFiles/cmTC_e7719.dir/CheckFunctionExists.c.o   -c /usr/local/share/cmake-3.8/Modules/CheckFunctionExists.c
Linking C executable cmTC_e7719
/usr/local/bin/cmake -E cmake_link_script CMakeFiles/cmTC_e7719.dir/link.txt --verbose=1
/usr/bin/cc -fPIC -DCHECK_FUNCTION_EXISTS=pthread_create    CMakeFiles/cmTC_e7719.dir/CheckFunctionExists.c.o  -o cmTC_e7719 -lpthreads 
/usr/bin/ld: cannot find -lpthreads
collect2: error: ld returned 1 exit status
CMakeFiles/cmTC_e7719.dir/build.make:97: recipe for target 'cmTC_e7719' failed
make[2]: *** [cmTC_e7719] Error 1
make[2]: Leaving directory '/home/nvidia/Documents/koropvik/Code/JetsonCode/CMakeFiles/CMakeTmp'
Makefile:126: recipe for target 'cmTC_e7719/fast' failed
make[1]: *** [cmTC_e7719/fast] Error 2
make[1]: Leaving directory '/home/nvidia/Documents/koropvik/Code/JetsonCode/CMakeFiles/CMakeTmp'


